<?xml version="1.0" encoding="UTF-8"?>
<testng-results skipped="0" failed="0" ignored="0" total="1" passed="1">
  <reporter-output>
  </reporter-output>
  <suite name="opencart" duration-ms="13404" started-at="2022-07-10T15:45:21 IST" finished-at="2022-07-10T15:45:35 IST">
    <groups>
      <group name="sanity">
        <method signature="TC_001_AccountRegistration.testregistration()[pri:0, instance:testcases.TC_001_AccountRegistration@569cfc36]" name="testregistration" class="testcases.TC_001_AccountRegistration"/>
      </group> <!-- sanity -->
      <group name="master">
        <method signature="TC_001_AccountRegistration.testregistration()[pri:0, instance:testcases.TC_001_AccountRegistration@569cfc36]" name="testregistration" class="testcases.TC_001_AccountRegistration"/>
      </group> <!-- master -->
    </groups>
    <test name="Test" duration-ms="13404" started-at="2022-07-10T15:45:21 IST" finished-at="2022-07-10T15:45:35 IST">
      <class name="testcases.TC_001_AccountRegistration">
        <test-method status="PASS" signature="setup(java.lang.String)[pri:0, instance:testcases.TC_001_AccountRegistration@569cfc36]" name="setup" is-config="true" duration-ms="4875" started-at="2022-07-10T15:45:21 IST" finished-at="2022-07-10T15:45:26 IST">
          <params>
            <param index="0">
              <value>
                <![CDATA[chrome]]>
              </value>
            </param>
          </params>
          <reporter-output>
          </reporter-output>
        </test-method> <!-- setup -->
        <test-method status="PASS" signature="testregistration()[pri:0, instance:testcases.TC_001_AccountRegistration@569cfc36]" name="testregistration" duration-ms="7425" started-at="2022-07-10T15:45:26 IST" finished-at="2022-07-10T15:45:34 IST">
          <reporter-output>
          </reporter-output>
        </test-method> <!-- testregistration -->
        <test-method status="PASS" signature="teardown()[pri:0, instance:testcases.TC_001_AccountRegistration@569cfc36]" name="teardown" is-config="true" duration-ms="716" started-at="2022-07-10T15:45:34 IST" finished-at="2022-07-10T15:45:35 IST">
          <reporter-output>
          </reporter-output>
        </test-method> <!-- teardown -->
      </class> <!-- testcases.TC_001_AccountRegistration -->
    </test> <!-- Test -->
  </suite> <!-- opencart -->
</testng-results>
