<?xml version="1.0" encoding="UTF-8"?>
<testng-results ignored="0" total="1" passed="1" failed="0" skipped="0">
  <reporter-output>
  </reporter-output>
  <suite started-at="2022-07-10T14:28:40 IST" name="opencart" finished-at="2022-07-10T14:28:53 IST" duration-ms="13293">
    <groups>
      <group name="sanity">
        <method signature="TC_001_AccountRegistration.testregistration()[pri:0, instance:testcases.TC_001_AccountRegistration@3f6f6701]" name="testregistration" class="testcases.TC_001_AccountRegistration"/>
      </group> <!-- sanity -->
      <group name="master">
        <method signature="TC_001_AccountRegistration.testregistration()[pri:0, instance:testcases.TC_001_AccountRegistration@3f6f6701]" name="testregistration" class="testcases.TC_001_AccountRegistration"/>
      </group> <!-- master -->
    </groups>
    <test started-at="2022-07-10T14:28:40 IST" name="Test" finished-at="2022-07-10T14:28:53 IST" duration-ms="13293">
      <class name="testcases.TC_001_AccountRegistration">
        <test-method is-config="true" signature="setup(java.lang.String)[pri:0, instance:testcases.TC_001_AccountRegistration@3f6f6701]" started-at="2022-07-10T14:28:40 IST" name="setup" finished-at="2022-07-10T14:28:44 IST" duration-ms="4068" status="PASS">
          <params>
            <param index="0">
              <value>
                <![CDATA[chrome]]>
              </value>
            </param>
          </params>
          <reporter-output>
          </reporter-output>
        </test-method> <!-- setup -->
        <test-method signature="testregistration()[pri:0, instance:testcases.TC_001_AccountRegistration@3f6f6701]" started-at="2022-07-10T14:28:44 IST" name="testregistration" finished-at="2022-07-10T14:28:53 IST" duration-ms="8510" status="PASS">
          <reporter-output>
          </reporter-output>
        </test-method> <!-- testregistration -->
        <test-method is-config="true" signature="teardown()[pri:0, instance:testcases.TC_001_AccountRegistration@3f6f6701]" started-at="2022-07-10T14:28:53 IST" name="teardown" finished-at="2022-07-10T14:28:53 IST" duration-ms="193" status="PASS">
          <reporter-output>
          </reporter-output>
        </test-method> <!-- teardown -->
      </class> <!-- testcases.TC_001_AccountRegistration -->
    </test> <!-- Test -->
  </suite> <!-- opencart -->
</testng-results>
